slideMenuLibrary/build/outputs/logs/manifest-merger-debug-report.txt
-- Merging decision tree log ---
manifest
ADDED from User App/slideMenuLibrary/AndroidManifest.xml:2:1-11:12
INJECTED from User App/slideMenuLibrary/AndroidManifest.xml:2:1-11:12
INJECTED from User App/slideMenuLibrary/AndroidManifest.xml:2:1-11:12
INJECTED from User App/slideMenuLibrary/AndroidManifest.xml:2:1-11:12
INJECTED from User App/slideMenuLibrary/AndroidManifest.xml:2:1-11:12
INJECTED from User App/slideMenuLibrary/AndroidManifest.xml:2:1-11:12
INJECTED from User App/slideMenuLibrary/AndroidManifest.xml:2:1-11:12
	package
		ADDED from User App/slideMenuLibrary/AndroidManifest.xml:3:5-50
		INJECTED from User App/slideMenuLibrary/AndroidManifest.xml
		INJECTED from User App/slideMenuLibrary/AndroidManifest.xml
	android:versionName
		INJECTED from User App/slideMenuLibrary/AndroidManifest.xml
		ADDED from User App/slideMenuLibrary/AndroidManifest.xml:2:1-11:12
		INJECTED from User App/slideMenuLibrary/AndroidManifest.xml
	android:versionCode
		INJECTED from User App/slideMenuLibrary/AndroidManifest.xml
		ADDED from User App/slideMenuLibrary/AndroidManifest.xml:2:1-11:12
		INJECTED from User App/slideMenuLibrary/AndroidManifest.xml
	xmlns:android
		ADDED from User App/slideMenuLibrary/AndroidManifest.xml:2:11-69
uses-permission#android.permission.INTERNET
ADDED from User App/slideMenuLibrary/AndroidManifest.xml:6:5-67
	android:name
		ADDED from User App/slideMenuLibrary/AndroidManifest.xml:6:22-64
uses-permission#android.permission.ACCESS_NETWORK_STATE
ADDED from User App/slideMenuLibrary/AndroidManifest.xml:7:5-79
	android:name
		ADDED from User App/slideMenuLibrary/AndroidManifest.xml:7:22-76
uses-sdk
INJECTED from User App/slideMenuLibrary/AndroidManifest.xml reason: use-sdk injection requested
INJECTED from User App/slideMenuLibrary/AndroidManifest.xml
INJECTED from User App/slideMenuLibrary/AndroidManifest.xml
INJECTED from User App/slideMenuLibrary/AndroidManifest.xml
INJECTED from User App/slideMenuLibrary/AndroidManifest.xml
	android:targetSdkVersion
		INJECTED from User App/slideMenuLibrary/AndroidManifest.xml
		ADDED from User App/slideMenuLibrary/AndroidManifest.xml
		INJECTED from User App/slideMenuLibrary/AndroidManifest.xml
	android:minSdkVersion
		INJECTED from User App/slideMenuLibrary/AndroidManifest.xml
		ADDED from User App/slideMenuLibrary/AndroidManifest.xml
		INJECTED from User App/slideMenuLibrary/AndroidManifest.xml